


ARM Macro Assembler    Page 1 


    1 00000000 50000000 
                       AHBSA   EQU              0x50000000
    2 00000000 40000000 
                       APBSA   EQU              0x40000000
    3 00000000         
    4 00000000 50007208 
                       SYSCLKCFG
                               EQU              0x50007208
    5 00000000 50007200 
                       SYSCLKEN
                               EQU              0x50007200
    6 00000000         
    7 00000000 50007080 
                       NVMCTRL EQU              AHBSA + 0x7080
    8 00000000 50007000 
                       EMMU    EQU              AHBSA + 0x7000
    9 00000000         
   10 00000000 40000800 
                       TIMER0LOAD
                               EQU              APBSA + 0x0800
   11 00000000 40000804 
                       TIMER0VALUE
                               EQU              APBSA + 0x0804
   12 00000000 40000808 
                       TIMER0CONTROL
                               EQU              APBSA + 0x0808
   13 00000000         
   14 00000000 E000E100 
                       NVIC_ISER
                               EQU              0xE000E100
   15 00000000 E000E180 
                       NVIC_ICER
                               EQU              0xE000E180
   16 00000000                 END
Command Line: --debug --xref --cpu=SC000 --bi --apcs=interwork --depend=.\hed98
428.d -o.\hed98428.o -IC:\Keil\ARM\RV31\INC -IC:\Keil\ARM\CMSIS\Include --prede
fine="__EVAL SETA 1" --list=.\hed98428.lst INC\Hed98428.s



ARM Macro Assembler    Page 1 Alphabetic symbol ordering
Absolute symbols

AHBSA 50000000

Symbol: AHBSA
   Definitions
      At line 1 in file INC\Hed98428.s
   Uses
      At line 7 in file INC\Hed98428.s
      At line 8 in file INC\Hed98428.s

APBSA 40000000

Symbol: APBSA
   Definitions
      At line 2 in file INC\Hed98428.s
   Uses
      At line 10 in file INC\Hed98428.s
      At line 11 in file INC\Hed98428.s
      At line 12 in file INC\Hed98428.s

EMMU 50007000

Symbol: EMMU
   Definitions
      At line 8 in file INC\Hed98428.s
   Uses
      None
Comment: EMMU unused
NVIC_ICER E000E180

Symbol: NVIC_ICER
   Definitions
      At line 15 in file INC\Hed98428.s
   Uses
      None
Comment: NVIC_ICER unused
NVIC_ISER E000E100

Symbol: NVIC_ISER
   Definitions
      At line 14 in file INC\Hed98428.s
   Uses
      None
Comment: NVIC_ISER unused
NVMCTRL 50007080

Symbol: NVMCTRL
   Definitions
      At line 7 in file INC\Hed98428.s
   Uses
      None
Comment: NVMCTRL unused
SYSCLKCFG 50007208

Symbol: SYSCLKCFG
   Definitions
      At line 4 in file INC\Hed98428.s
   Uses
      None
Comment: SYSCLKCFG unused



ARM Macro Assembler    Page 2 Alphabetic symbol ordering
Absolute symbols

SYSCLKEN 50007200

Symbol: SYSCLKEN
   Definitions
      At line 5 in file INC\Hed98428.s
   Uses
      None
Comment: SYSCLKEN unused
TIMER0CONTROL 40000808

Symbol: TIMER0CONTROL
   Definitions
      At line 12 in file INC\Hed98428.s
   Uses
      None
Comment: TIMER0CONTROL unused
TIMER0LOAD 40000800

Symbol: TIMER0LOAD
   Definitions
      At line 10 in file INC\Hed98428.s
   Uses
      None
Comment: TIMER0LOAD unused
TIMER0VALUE 40000804

Symbol: TIMER0VALUE
   Definitions
      At line 11 in file INC\Hed98428.s
   Uses
      None
Comment: TIMER0VALUE unused
11 symbols
342 symbols in table
