


ARM Macro Assembler    Page 1 


    1 00000000                 GET              INC/Hed98428.s
    1 00000000 50000000 
                       AHBSA   EQU              0x50000000
    2 00000000 40000000 
                       APBSA   EQU              0x40000000
    3 00000000         
    4 00000000 50007208 
                       SYSCLKCFG
                               EQU              0x50007208
    5 00000000 50007200 
                       SYSCLKEN
                               EQU              0x50007200
    6 00000000         
    7 00000000 50007080 
                       NVMCTRL EQU              AHBSA + 0x7080
    8 00000000 50007000 
                       EMMU    EQU              AHBSA + 0x7000
    9 00000000         
   10 00000000 40000800 
                       TIMER0LOAD
                               EQU              APBSA + 0x0800
   11 00000000 40000804 
                       TIMER0VALUE
                               EQU              APBSA + 0x0804
   12 00000000 40000808 
                       TIMER0CONTROL
                               EQU              APBSA + 0x0808
   13 00000000         
   14 00000000 E000E100 
                       NVIC_ISER
                               EQU              0xE000E100
   15 00000000 E000E180 
                       NVIC_ICER
                               EQU              0xE000E180
   16 00000000                 END
    2 00000000 00000400 
                       Stack_Size
                               EQU              0x400
    3 00000000 20000400 
                       top_of_stack
                               EQU              0x20000000 + Stack_Size
    4 00000000         
    5 00000000                 PRESERVE8
    6 00000000                 THUMB
    7 00000000         
    8 00000000                 AREA             RESET, DATA, READONLY
    9 00000000 20000400        DCD              top_of_stack
   10 00000004 00000000        DCD              Start
   11 00000008         
   12 00000008                 AREA             |.text|, CODE, READONLY
   13 00000000         
   14 00000000                 ENTRY
   15 00000000         
   16 00000000         Start   PROC
   17 00000000 4909            LDR              R1, =SYSCLKCFG
   18 00000002 6808            LDR              R0,[R1]
   19 00000004 2301            MOVS             R3, #1
   20 00000006 031B            MOVS             R3, R3, LSL 12
   21 00000008 4418            ADD              R0, R0, R3



ARM Macro Assembler    Page 2 


   22 0000000A 6008            STR              R0, [R1]
   23 0000000C         
   24 0000000C 2304            MOVS             R3, #4
   25 0000000E 011B            MOVS             R3, R3, LSL 4
   26 00000010 4418            ADD              R0, R0, R3
   27 00000012 6008            STR              R0, [R1]
   28 00000014         
   29 00000014 4905            LDR              R1, =SYSCLKEN
   30 00000016 2301            MOVS             R3, #1
   31 00000018 025B            MOVS             R3, R3, LSL 9
   32 0000001A 600B            STR              R3,[R1]
   33 0000001C         
   34 0000001C 4A04            LDR              R2, =TIMER0LOAD
   35 0000001E 6813            LDR              R3,[R2]
   36 00000020 2007            MOVS             R0, #7
   37 00000022 6010            STR              R0,[R2]
   38 00000024 2001            MOVS             R0, #1
   39 00000026 2000            MOVS             R0, #0
   40 00000028         
   41 00000028                 ENDP
   42 00000028         
   43 00000028                 ALIGN
   44 00000028                 END
              50007208 
              50007200 
              40000800 
Command Line: --debug --xref --cpu=SC000 --bi --apcs=interwork --depend=.\main.
d -o.\main.o -IC:\Keil\ARM\RV31\INC -IC:\Keil\ARM\CMSIS\Include --predefine="__
EVAL SETA 1" --list=.\main.lst main.s



ARM Macro Assembler    Page 1 Alphabetic symbol ordering
Relocatable symbols

RESET 00000000

Symbol: RESET
   Definitions
      At line 8 in file main.s
   Uses
      None
Comment: RESET unused
1 symbol



ARM Macro Assembler    Page 1 Alphabetic symbol ordering
Relocatable symbols

.text 00000000

Symbol: .text
   Definitions
      At line 12 in file main.s
   Uses
      None
Comment: .text unused
Start 00000000

Symbol: Start
   Definitions
      At line 16 in file main.s
   Uses
      At line 10 in file main.s
Comment: Start used once
2 symbols



ARM Macro Assembler    Page 1 Alphabetic symbol ordering
Absolute symbols

AHBSA 50000000

Symbol: AHBSA
   Definitions
      At line 1 in file INC\Hed98428.s
   Uses
      At line 7 in file INC\Hed98428.s
      At line 8 in file INC\Hed98428.s

APBSA 40000000

Symbol: APBSA
   Definitions
      At line 2 in file INC\Hed98428.s
   Uses
      At line 10 in file INC\Hed98428.s
      At line 11 in file INC\Hed98428.s
      At line 12 in file INC\Hed98428.s

EMMU 50007000

Symbol: EMMU
   Definitions
      At line 8 in file INC\Hed98428.s
   Uses
      None
Comment: EMMU unused
NVIC_ICER E000E180

Symbol: NVIC_ICER
   Definitions
      At line 15 in file INC\Hed98428.s
   Uses
      None
Comment: NVIC_ICER unused
NVIC_ISER E000E100

Symbol: NVIC_ISER
   Definitions
      At line 14 in file INC\Hed98428.s
   Uses
      None
Comment: NVIC_ISER unused
NVMCTRL 50007080

Symbol: NVMCTRL
   Definitions
      At line 7 in file INC\Hed98428.s
   Uses
      None
Comment: NVMCTRL unused
SYSCLKCFG 50007208

Symbol: SYSCLKCFG
   Definitions
      At line 4 in file INC\Hed98428.s
   Uses
      At line 17 in file main.s
Comment: SYSCLKCFG used once



ARM Macro Assembler    Page 2 Alphabetic symbol ordering
Absolute symbols

SYSCLKEN 50007200

Symbol: SYSCLKEN
   Definitions
      At line 5 in file INC\Hed98428.s
   Uses
      At line 29 in file main.s
Comment: SYSCLKEN used once
Stack_Size 00000400

Symbol: Stack_Size
   Definitions
      At line 2 in file main.s
   Uses
      At line 3 in file main.s
Comment: Stack_Size used once
TIMER0CONTROL 40000808

Symbol: TIMER0CONTROL
   Definitions
      At line 12 in file INC\Hed98428.s
   Uses
      None
Comment: TIMER0CONTROL unused
TIMER0LOAD 40000800

Symbol: TIMER0LOAD
   Definitions
      At line 10 in file INC\Hed98428.s
   Uses
      At line 34 in file main.s
Comment: TIMER0LOAD used once
TIMER0VALUE 40000804

Symbol: TIMER0VALUE
   Definitions
      At line 11 in file INC\Hed98428.s
   Uses
      None
Comment: TIMER0VALUE unused
top_of_stack 20000400

Symbol: top_of_stack
   Definitions
      At line 3 in file main.s
   Uses
      At line 9 in file main.s
Comment: top_of_stack used once
13 symbols
349 symbols in table
