


ARM Macro Assembler    Page 1 


    1 00000000 50000000 
                       AHBSA   EQU              0x50000000
    2 00000000 40000000 
                       APBSA   EQU              0x40000000
    3 00000000         
    4 00000000 50007080 
                       NVMCTRL EQU              AHBSA + 0x7080
    5 00000000 50007000 
                       EMMU    EQU              AHBSA + 0x7000
    6 00000000         
    7 00000000 40000800 
                       Timer0Load
                               EQU              APBSA + 0x0800
    8 00000000 40000804 
                       Timer0Value
                               EQU              APBSA + 0x0804
    9 00000000 40000808 
                       Timer0Control
                               EQU              APBSA + 0x0808
   10 00000000         
   11 00000000 E000E100 
                       NVIC_ISER
                               EQU              0xE000E100
   12 00000000 E000E180 
                       NVIC_ICER
                               EQU              0xE000E180
   13 00000000                 END
Command Line: --debug --xref --cpu=SC000 --bi --apcs=interwork --depend=.\hed98
428.d -o.\hed98428.o -IC:\Keil\ARM\RV31\INC -IC:\Keil\ARM\CMSIS\Include --prede
fine="__EVAL SETA 1" --list=.\hed98428.lst INC\Hed98428.s



ARM Macro Assembler    Page 1 Alphabetic symbol ordering
Absolute symbols

AHBSA 50000000

Symbol: AHBSA
   Definitions
      At line 1 in file INC\Hed98428.s
   Uses
      At line 4 in file INC\Hed98428.s
      At line 5 in file INC\Hed98428.s

APBSA 40000000

Symbol: APBSA
   Definitions
      At line 2 in file INC\Hed98428.s
   Uses
      At line 7 in file INC\Hed98428.s
      At line 8 in file INC\Hed98428.s
      At line 9 in file INC\Hed98428.s

EMMU 50007000

Symbol: EMMU
   Definitions
      At line 5 in file INC\Hed98428.s
   Uses
      None
Comment: EMMU unused
NVIC_ICER E000E180

Symbol: NVIC_ICER
   Definitions
      At line 12 in file INC\Hed98428.s
   Uses
      None
Comment: NVIC_ICER unused
NVIC_ISER E000E100

Symbol: NVIC_ISER
   Definitions
      At line 11 in file INC\Hed98428.s
   Uses
      None
Comment: NVIC_ISER unused
NVMCTRL 50007080

Symbol: NVMCTRL
   Definitions
      At line 4 in file INC\Hed98428.s
   Uses
      None
Comment: NVMCTRL unused
Timer0Control 40000808

Symbol: Timer0Control
   Definitions
      At line 9 in file INC\Hed98428.s
   Uses
      None
Comment: Timer0Control unused



ARM Macro Assembler    Page 2 Alphabetic symbol ordering
Absolute symbols

Timer0Load 40000800

Symbol: Timer0Load
   Definitions
      At line 7 in file INC\Hed98428.s
   Uses
      None
Comment: Timer0Load unused
Timer0Value 40000804

Symbol: Timer0Value
   Definitions
      At line 8 in file INC\Hed98428.s
   Uses
      None
Comment: Timer0Value unused
9 symbols
340 symbols in table
