


ARM Macro Assembler    Page 1 


    1 00000000                 GET              stm32f303rctx.asm
    1 00000000 42000000 
                       PERIPH_BB_BASE
                               EQU              0x42000000
    2 00000000 40000000 
                       PERIPH_BASE
                               EQU              0x40000000
    3 00000000         
    4 00000000 40021018 
                       RCC_APB2ENR
                               EQU              0x40021018
    5 00000000 40011004 
                       GPIOC_CRH
                               EQU              0x40011004
    6 00000000 4001100C 
                       GPIOC_ODR
                               EQU              0x4001100C
    7 00000000         
    8 00000000 00000004 
                       RCC_APB2ENR_IOPCEN_N
                               EQU              4
    9 00000000 00000014 
                       GPIO_CRH_MODE13_0_N
                               EQU              20
   10 00000000 0000000D 
                       GPIO_ODR_ODR13_N
                               EQU              13
   11 00000000         
   12 00000000                 END
    2 00000000 00000400 
                       Stack_Size
                               EQU              0x400
    3 00000000 20000400 
                       top_of_stack
                               EQU              0x20000000 + Stack_Size
    4 00000000         
    5 00000000                 PRESERVE8
    6 00000000                 THUMB
    7 00000000         
    8 00000000                 AREA             RESET, DATA, READONLY
    9 00000000 20000400        DCD              top_of_stack ;Top of Stack
   10 00000004 00000000        DCD              Start
   11 00000008         
   12 00000008                 AREA             |.text|, CODE, READONLY
   13 00000000         
   14 00000000                 ENTRY
   15 00000000         
   16 00000000         Start   PROC
   17 00000000         
   18 00000000 F04F 0000       MOV              R0, #0
   19 00000004 F04F 0101       MOV              R1, #1
   20 00000008         
   21 00000008 4A03            LDR              R2, =(PERIPH_BB_BASE + (RCC_APB
2ENR - PERIPH_BASE) * 32 + RCC_APB2ENR_IOPCEN_N * 4)
   22 0000000A 6011            STR              R1, [R2]
   23 0000000C         
   24 0000000C 4A03            LDR              R2, =(PERIPH_BB_BASE + (GPIOC_C
RH - PERIPH_BASE) * 32 + GPIO_CRH_MODE13_0_N * 4)
   25 0000000E 6011            STR              R1, [R2]



ARM Macro Assembler    Page 2 


   26 00000010         
   27 00000010 4A03            LDR              R2, =(PERIPH_BB_BASE + (GPIOC_O
DR - PERIPH_BASE) * 32 + GPIO_ODR_ODR13_N * 4)
   28 00000012 6010            STR              R0, [R2]
   29 00000014         
   30 00000014         loop
   31 00000014 E7FE            B                loop
   32 00000016         
   33 00000016         
   34 00000016                 ENDP
   35 00000016         
   36 00000016 00 00           ALIGN
   37 00000018                 END
              42420310 
              422200D0 
              422201B4 
Command Line: --debug --xref --diag_suppress=9931 --cpu=Cortex-M4.fp.sp --apcs=
interwork --depend=.\objects\main.d -o.\objects\main.o -I.\inc -IC:\Users\Alex_
Ch\AppData\Local\Arm\Packs\Keil\STM32F3xx_DFP\2.2.2\Drivers\CMSIS\Device\ST\STM
32F3xx\Include --predefine="__EVAL SETA 1" --predefine="__UVISION_VERSION SETA 
536" --predefine="STM32F303xC SETA 1" --list=.\listings\main.lst user\main.s



ARM Macro Assembler    Page 1 Alphabetic symbol ordering
Relocatable symbols

RESET 00000000

Symbol: RESET
   Definitions
      At line 8 in file user\main.s
   Uses
      None
Comment: RESET unused
1 symbol



ARM Macro Assembler    Page 1 Alphabetic symbol ordering
Relocatable symbols

.text 00000000

Symbol: .text
   Definitions
      At line 12 in file user\main.s
   Uses
      None
Comment: .text unused
Start 00000000

Symbol: Start
   Definitions
      At line 16 in file user\main.s
   Uses
      At line 10 in file user\main.s
Comment: Start used once
loop 00000014

Symbol: loop
   Definitions
      At line 30 in file user\main.s
   Uses
      At line 31 in file user\main.s
Comment: loop used once
3 symbols



ARM Macro Assembler    Page 1 Alphabetic symbol ordering
Absolute symbols

GPIOC_CRH 40011004

Symbol: GPIOC_CRH
   Definitions
      At line 5 in file .\inc\stm32f303rctx.asm
   Uses
      At line 24 in file user\main.s
Comment: GPIOC_CRH used once
GPIOC_ODR 4001100C

Symbol: GPIOC_ODR
   Definitions
      At line 6 in file .\inc\stm32f303rctx.asm
   Uses
      At line 27 in file user\main.s
Comment: GPIOC_ODR used once
GPIO_CRH_MODE13_0_N 00000014

Symbol: GPIO_CRH_MODE13_0_N
   Definitions
      At line 9 in file .\inc\stm32f303rctx.asm
   Uses
      At line 24 in file user\main.s
Comment: GPIO_CRH_MODE13_0_N used once
GPIO_ODR_ODR13_N 0000000D

Symbol: GPIO_ODR_ODR13_N
   Definitions
      At line 10 in file .\inc\stm32f303rctx.asm
   Uses
      At line 27 in file user\main.s
Comment: GPIO_ODR_ODR13_N used once
PERIPH_BASE 40000000

Symbol: PERIPH_BASE
   Definitions
      At line 2 in file .\inc\stm32f303rctx.asm
   Uses
      At line 21 in file user\main.s
      At line 24 in file user\main.s
      At line 27 in file user\main.s

PERIPH_BB_BASE 42000000

Symbol: PERIPH_BB_BASE
   Definitions
      At line 1 in file .\inc\stm32f303rctx.asm
   Uses
      At line 21 in file user\main.s
      At line 24 in file user\main.s
      At line 27 in file user\main.s

RCC_APB2ENR 40021018

Symbol: RCC_APB2ENR
   Definitions
      At line 4 in file .\inc\stm32f303rctx.asm
   Uses
      At line 21 in file user\main.s



ARM Macro Assembler    Page 2 Alphabetic symbol ordering
Absolute symbols

Comment: RCC_APB2ENR used once
RCC_APB2ENR_IOPCEN_N 00000004

Symbol: RCC_APB2ENR_IOPCEN_N
   Definitions
      At line 8 in file .\inc\stm32f303rctx.asm
   Uses
      At line 21 in file user\main.s
Comment: RCC_APB2ENR_IOPCEN_N used once
Stack_Size 00000400

Symbol: Stack_Size
   Definitions
      At line 2 in file user\main.s
   Uses
      At line 3 in file user\main.s
Comment: Stack_Size used once
top_of_stack 20000400

Symbol: top_of_stack
   Definitions
      At line 3 in file user\main.s
   Uses
      At line 9 in file user\main.s
Comment: top_of_stack used once
10 symbols
350 symbols in table
